INFO  11:55:30 Application started. Press Ctrl+C to shut down.
INFO  11:55:30 Hosting environment: Development
INFO  11:55:30 Content root path: C:\Users\hp\source\repos\BillPayment Services\BillPayment
INFO  12:00:17 Application started. Press Ctrl+C to shut down.
INFO  12:00:17 Hosting environment: Development
INFO  12:00:17 Content root path: C:\Users\hp\source\repos\BillPayment Services\BillPayment
INFO  12:01:14 Bill details
ERROR 12:01:27 Error
INFO  12:12:31 Application started. Press Ctrl+C to shut down.
INFO  12:12:31 Application started. Press Ctrl+C to shut down.
INFO  12:12:31 Hosting environment: Development
INFO  12:12:31 Hosting environment: Development
INFO  12:12:31 Content root path: C:\Users\hp\source\repos\BillPayment Services\BillPayment
INFO  12:12:31 Content root path: C:\Users\hp\source\repos\BillPayment Services\BillPayment
INFO  12:42:48 Application started. Press Ctrl+C to shut down.
INFO  12:42:48 Application started. Press Ctrl+C to shut down.
INFO  12:42:48 Hosting environment: Development
INFO  12:42:48 Hosting environment: Development
INFO  12:42:48 Content root path: C:\Users\hp\source\repos\BillPayment Services\BillPayment
INFO  12:42:48 Content root path: C:\Users\hp\source\repos\BillPayment Services\BillPayment
INFO  12:44:21 Bill details
INFO  12:46:49 Application started. Press Ctrl+C to shut down.
INFO  12:46:49 Application started. Press Ctrl+C to shut down.
INFO  12:46:49 Hosting environment: Development
INFO  12:46:49 Hosting environment: Development
INFO  12:46:49 Content root path: C:\Users\hp\source\repos\BillPayment Services\BillPayment
INFO  12:46:49 Content root path: C:\Users\hp\source\repos\BillPayment Services\BillPayment
INFO  12:49:08 Bill details
INFO  12:51:18 Application started. Press Ctrl+C to shut down.
INFO  12:51:18 Application started. Press Ctrl+C to shut down.
INFO  12:51:18 Hosting environment: Development
INFO  12:51:18 Hosting environment: Development
INFO  12:51:18 Content root path: C:\Users\hp\source\repos\BillPayment Services\BillPayment
INFO  12:51:18 Content root path: C:\Users\hp\source\repos\BillPayment Services\BillPayment
INFO  12:52:00 Bill details
INFO  12:59:27 Application started. Press Ctrl+C to shut down.
INFO  12:59:28 Application started. Press Ctrl+C to shut down.
INFO  12:59:28 Hosting environment: Development
INFO  12:59:28 Hosting environment: Development
INFO  12:59:28 Content root path: C:\Users\hp\source\repos\BillPayment Services\BillPayment
INFO  12:59:28 Content root path: C:\Users\hp\source\repos\BillPayment Services\BillPayment
INFO  01:01:19 Bill details
INFO  01:01:23 Bill details
INFO  01:01:24 Bill details
INFO  04:29:37 Application started. Press Ctrl+C to shut down.
INFO  04:29:37 Application started. Press Ctrl+C to shut down.
INFO  04:29:37 Hosting environment: Development
INFO  04:29:37 Hosting environment: Development
INFO  04:29:37 Content root path: C:\Users\hp\source\repos\BillPayment Services\BillPayment
INFO  04:29:37 Content root path: C:\Users\hp\source\repos\BillPayment Services\BillPayment
